2025-09-14 16:13:41 - ERROR - Request failed for Snapp V2: 
2025-09-14 16:13:41 - ERROR - Request failed for Snapp V1: 
2025-09-14 16:13:41 - ERROR - Request failed for Achareh: 
2025-09-14 16:13:41 - ERROR - Request failed for Zigap: 
2025-09-14 16:13:44 - ERROR - Request failed for Jabama: 
2025-09-14 16:13:44 - ERROR - Request failed for Classino: 
2025-09-14 16:13:44 - ERROR - Request failed for Banimode: 
2025-09-14 16:13:44 - ERROR - Request failed for Digikala V1: 
2025-09-14 16:13:46 - ERROR - Request failed for SMS.ir: 
2025-09-14 16:13:46 - ERROR - Request failed for Alibaba: 
2025-09-14 16:13:46 - ERROR - Request failed for Divar: 
2025-09-14 16:13:46 - ERROR - Request failed for Digikala V2: 
2025-09-14 16:13:49 - ERROR - Request failed for Bikoplus: 
2025-09-14 16:13:49 - ERROR - Request failed for Sheypoor: 
2025-09-14 16:13:49 - ERROR - Request failed for Tap33: 
2025-09-14 16:13:50 - ERROR - Request failed for Anargift: Cannot connect to host api.anargift.com:443 ssl:default [getaddrinfo failed]
2025-09-14 16:13:50 - ERROR - Request failed for Tapsi: 
2025-09-14 16:13:50 - ERROR - Request failed for IToll: 422, message='Unprocessable Content', url='https://app.itoll.com/api/v1/auth/login'
2025-09-14 16:13:51 - ERROR - Request failed for Lendo: 498, message='Client Error', url='https://api.lendo.ir/api/customer/auth/send-otp'
2025-09-14 16:13:51 - ERROR - Request failed for Hamrah-Mechanic: 400, message='Bad Request', url='https://www.hamrah-mechanic.com/api/v1/membership/otp'
2025-09-14 16:13:51 - ERROR - Request failed for Abantether: 404, message='Not Found', url='https://abantether.com/users/register/phone/send/'
2025-09-14 16:13:51 - ERROR - Request failed for Tebinja: 429, message='Too Many Requests', url='https://www.tebinja.com/api/v1/users'
2025-09-14 16:13:53 - ERROR - Request failed for OKCS: 
2025-09-14 16:13:53 - ERROR - Request failed for Bit24: 
2025-09-14 16:13:53 - ERROR - Request failed for Paklean: 
2025-09-14 16:13:54 - ERROR - Request failed for Khodro45: 
2025-09-14 16:13:56 - ERROR - Request failed for Delino: 
2025-09-14 16:13:56 - ERROR - Request failed for DigikalaJet: 
2025-09-14 16:13:56 - ERROR - Request failed for Miare: 
2025-09-14 16:13:56 - ERROR - Request failed for Dosma: Cannot connect to host app.dosma.ir:443 ssl:True [SSLCertVerificationError: (1, '[SSL: CERTIFICATE_VERIFY_FAILED] certificate verify failed: certificate has expired (_ssl.c:1000)')]
2025-09-14 16:13:58 - ERROR - Request failed for Ostadkr: 
2025-09-14 16:13:58 - ERROR - Request failed for Sibbazar: 
2025-09-14 16:13:58 - ERROR - Request failed for Namava: 
2025-09-14 16:13:58 - ERROR - Request failed for Shab: 
2025-09-14 16:14:01 - ERROR - Request failed for Bitpin: 
2025-09-14 16:14:01 - ERROR - Request failed for Taaghche: 
2025-09-14 16:14:01 - ERROR - Request failed for Trip.ir: 
2025-09-14 16:14:01 - ERROR - Request failed for pinket: 
2025-09-14 16:14:03 - ERROR - Request failed for Cafebazaar: 
2025-09-14 16:14:03 - ERROR - Request failed for Emtiyaz: 
2025-09-14 16:14:03 - ERROR - Request failed for Torob: 
2025-09-14 16:14:03 - ERROR - Request failed for Basalam: 
2025-09-14 16:14:06 - ERROR - Request failed for Filmnet: 
2025-09-14 16:14:06 - ERROR - Request failed for Irancell: 
2025-09-14 16:14:06 - ERROR - Request failed for Hamkaran: 
